[4320:5044:1216/034300.166:WARNING:chrome_main_delegate.cc(745)] This is Chrome version 128.0.6613.138 (not a warning)
[4320:5044:1216/034304.668:WARNING:account_consistency_mode_manager.cc(77)] Desktop Identity Consistency cannot be enabled as no OAuth client ID and client secret have been configured.
[4320:5044:1216/034402.972:WARNING:external_registry_loader_win.cc(232)] Error observing HKLM: 5
[4320:5044:1216/034408.541:ERROR:network_service_instance_impl.cc(608)] Network service crashed, restarting service.
[9000:14484:1216/034416.054:ERROR:frame_impl.cc(537)] frame 5-03D895797F5DF85A2C5D3F89CB7DBDFE connection timeout
[1752:17524:1216/034636.813:WARNING:dns_config_service_win.cc(605)] Failed to read DnsConfig.
[4320:7544:1216/034636.818:WARNING:dns_config_service_win.cc(605)] Failed to read DnsConfig.
[1752:17524:1216/034642.007:WARNING:dns_config_service_win.cc(605)] Failed to read DnsConfig.
[4320:7544:1216/034642.057:WARNING:dns_config_service_win.cc(605)] Failed to read DnsConfig.
[1752:22516:1216/034652.023:WARNING:dns_config_service_win.cc(605)] Failed to read DnsConfig.
[4320:7544:1216/034652.059:WARNING:dns_config_service_win.cc(605)] Failed to read DnsConfig.
[1752:17524:1216/034712.035:WARNING:dns_config_service_win.cc(605)] Failed to read DnsConfig.
[4320:7544:1216/034712.062:WARNING:dns_config_service_win.cc(605)] Failed to read DnsConfig.
[4320:7544:1216/034856.646:WARNING:dns_config_service_win.cc(605)] Failed to read DnsConfig.
[1752:17524:1216/034856.649:WARNING:dns_config_service_win.cc(605)] Failed to read DnsConfig.
[4320:7544:1216/034901.652:WARNING:dns_config_service_win.cc(605)] Failed to read DnsConfig.
[1752:17524:1216/034901.668:WARNING:dns_config_service_win.cc(605)] Failed to read DnsConfig.
[4320:7544:1216/034911.655:WARNING:dns_config_service_win.cc(605)] Failed to read DnsConfig.
[1752:17524:1216/034911.679:WARNING:dns_config_service_win.cc(605)] Failed to read DnsConfig.
[4320:7544:1216/034931.657:WARNING:dns_config_service_win.cc(605)] Failed to read DnsConfig.
[1752:17524:1216/034931.692:WARNING:dns_config_service_win.cc(605)] Failed to read DnsConfig.
[4320:7544:1216/035134.286:WARNING:dns_config_service_win.cc(605)] Failed to read DnsConfig.
[1752:17524:1216/035134.292:WARNING:dns_config_service_win.cc(605)] Failed to read DnsConfig.
[4320:7544:1216/035139.289:WARNING:dns_config_service_win.cc(605)] Failed to read DnsConfig.
[1752:17524:1216/035139.303:WARNING:dns_config_service_win.cc(605)] Failed to read DnsConfig.
[4320:7544:1216/035149.291:WARNING:dns_config_service_win.cc(605)] Failed to read DnsConfig.
[1752:17524:1216/035149.315:WARNING:dns_config_service_win.cc(605)] Failed to read DnsConfig.
[4320:7544:1216/035209.293:WARNING:dns_config_service_win.cc(605)] Failed to read DnsConfig.
[1752:17524:1216/035209.335:WARNING:dns_config_service_win.cc(605)] Failed to read DnsConfig.
[1752:17524:1216/041756.890:WARNING:dns_config_service_win.cc(605)] Failed to read DnsConfig.
[4320:7544:1216/041756.903:WARNING:dns_config_service_win.cc(605)] Failed to read DnsConfig.
[1752:17524:1216/041756.915:WARNING:dns_config_service_win.cc(605)] Failed to read DnsConfig.
[1752:17524:1216/041839.306:WARNING:dns_config_service_win.cc(605)] Failed to read DnsConfig.
[4320:7544:1216/041839.309:WARNING:dns_config_service_win.cc(605)] Failed to read DnsConfig.
[1752:17524:1216/041844.318:WARNING:dns_config_service_win.cc(605)] Failed to read DnsConfig.
[4320:7544:1216/041844.318:WARNING:dns_config_service_win.cc(605)] Failed to read DnsConfig.
[4320:7544:1216/041854.321:WARNING:dns_config_service_win.cc(605)] Failed to read DnsConfig.
[1752:17524:1216/041854.337:WARNING:dns_config_service_win.cc(605)] Failed to read DnsConfig.
[4320:7544:1216/041914.323:WARNING:dns_config_service_win.cc(605)] Failed to read DnsConfig.
[1752:17524:1216/041914.351:WARNING:dns_config_service_win.cc(605)] Failed to read DnsConfig.
[4320:5044:1216/063224.001:ERROR:gpu_process_host.cc(1007)] GPU process exited unexpectedly: exit_code=1073807364
[4320:5044:1216/063224.001:WARNING:gpu_process_host.cc(1441)] The GPU process has crashed 1 time(s)
[4320:5044:1216/063224.231:ERROR:network_service_instance_impl.cc(608)] Network service crashed, restarting service.
[4320:5044:1216/063224.233:ERROR:gpu_process_host.cc(1007)] GPU process exited unexpectedly: exit_code=-1073741205
[4320:5044:1216/063224.233:WARNING:gpu_process_host.cc(1441)] The GPU process has crashed 2 time(s)
[4320:5044:1216/063224.242:ERROR:gpu_process_host.cc(1007)] GPU process exited unexpectedly: exit_code=-1073741205
[4320:5044:1216/063224.242:WARNING:gpu_process_host.cc(1441)] The GPU process has crashed 3 time(s)
