[7468:17464:1219/214219.856:WARNING:chrome_main_delegate.cc(745)] This is Chrome version 128.0.6613.138 (not a warning)
[7468:17464:1219/214219.925:WARNING:account_consistency_mode_manager.cc(77)] Desktop Identity Consistency cannot be enabled as no OAuth client ID and client secret have been configured.
[7468:17464:1219/214231.315:WARNING:external_registry_loader_win.cc(232)] Error observing HKLM: 5
[24608:27828:1219/214238.681:WARNING:frame_impl.cc(430)] virtual CefFrameImpl::SendProcessMessage sent to detached frame 5-A882391844631C8A2CEA53F2940D6822 will be ignored
[7468:25972:1219/214248.076:WARNING:browser_info.cc(345)] Returning a speculative frame for [7,9]
[7468:25972:1219/214249.050:WARNING:browser_info.cc(345)] Returning a speculative frame for [10,9]
[7468:17464:1219/214249.344:WARNING:browser_info.cc(345)] Returning a speculative frame for [10,9]
[7468:17464:1219/214249.344:WARNING:browser_info.cc(345)] Returning a speculative frame for [10,9]
[7468:17464:1219/214249.344:WARNING:browser_info.cc(345)] Returning a speculative frame for [10,9]
[7468:17464:1219/214249.344:WARNING:browser_info.cc(345)] Returning a speculative frame for [10,9]
[24096:29580:1219/214511.084:ERROR:shared_image_manager.cc(224)] SharedImageManager::ProduceSkia: Trying to Produce a Skia representation from a non-existent mailbox.
[24096:29580:1219/214511.093:ERROR:shared_image_manager.cc(224)] SharedImageManager::ProduceSkia: Trying to Produce a Skia representation from a non-existent mailbox.
[7468:17464:1220/030212.462:WARNING:sad_tab.cc(255)] Tab Killed: https://editor.unrealengine.com/
[7468:17464:1220/030212.781:ERROR:gpu_process_host.cc(1007)] GPU process exited unexpectedly: exit_code=1073807364
[7468:17464:1220/030212.782:WARNING:gpu_process_host.cc(1441)] The GPU process has crashed 1 time(s)
[7468:17464:1220/030213.118:ERROR:network_service_instance_impl.cc(608)] Network service crashed, restarting service.
[7468:17464:1220/030213.120:ERROR:gpu_process_host.cc(1007)] GPU process exited unexpectedly: exit_code=-1073741205
[7468:17464:1220/030213.120:WARNING:gpu_process_host.cc(1441)] The GPU process has crashed 2 time(s)
[7468:17464:1220/030213.449:ERROR:network_service_instance_impl.cc(608)] Network service crashed, restarting service.
[7468:17464:1220/030213.451:ERROR:gpu_process_host.cc(1007)] GPU process exited unexpectedly: exit_code=-1073741205
[7468:17464:1220/030213.451:WARNING:gpu_process_host.cc(1441)] The GPU process has crashed 3 time(s)
[7468:17464:1220/030213.787:ERROR:network_service_instance_impl.cc(608)] Network service crashed, restarting service.
[7468:17464:1220/030213.788:ERROR:gpu_process_host.cc(1007)] GPU process exited unexpectedly: exit_code=-1073741205
[7468:17464:1220/030213.788:WARNING:gpu_process_host.cc(1441)] The GPU process has crashed 4 time(s)
[7468:17464:1220/030214.119:ERROR:network_service_instance_impl.cc(608)] Network service crashed, restarting service.
[7468:17464:1220/030214.120:ERROR:gpu_process_host.cc(1007)] GPU process exited unexpectedly: exit_code=-1073741205
[7468:17464:1220/030214.120:WARNING:gpu_process_host.cc(1441)] The GPU process has crashed 5 time(s)
[7468:17464:1220/030214.449:ERROR:network_service_instance_impl.cc(608)] Network service crashed, restarting service.
[7468:17464:1220/030214.450:ERROR:gpu_process_host.cc(1007)] GPU process exited unexpectedly: exit_code=-1073741205
[7468:17464:1220/030214.450:WARNING:gpu_process_host.cc(1441)] The GPU process has crashed 6 time(s)
[7468:17464:1220/030214.781:ERROR:network_service_instance_impl.cc(608)] Network service crashed, restarting service.
[7468:17464:1220/030214.782:ERROR:gpu_process_host.cc(1007)] GPU process exited unexpectedly: exit_code=-1073741205
[7468:17464:1220/030214.782:WARNING:gpu_process_host.cc(1441)] The GPU process has crashed 7 time(s)
[7468:17464:1220/030215.114:ERROR:network_service_instance_impl.cc(608)] Network service crashed, restarting service.
[7468:17464:1220/030215.116:ERROR:gpu_process_host.cc(1007)] GPU process exited unexpectedly: exit_code=-1073741205
[7468:17464:1220/030215.116:WARNING:gpu_process_host.cc(1441)] The GPU process has crashed 8 time(s)
[7468:17464:1220/030215.448:ERROR:network_service_instance_impl.cc(608)] Network service crashed, restarting service.
[7468:17464:1220/030215.450:ERROR:gpu_process_host.cc(1007)] GPU process exited unexpectedly: exit_code=-1073741205
[7468:17464:1220/030215.450:WARNING:gpu_process_host.cc(1441)] The GPU process has crashed 9 time(s)
[7468:17464:1220/030215.450:FATAL:gpu_data_manager_impl_private.cc(436)] GPU process isn't usable. Goodbye.
